# JRE version: OpenJDK Runtime Environment (8.0_212-b03) (build 1.8.0_212-b03)
# Java VM: OpenJDK 64-Bit Server VM (25.212-b03 mixed mode linux-amd64 compressed oops)
Heap:
 PSYoungGen      total 295936K, used 122517K [0x00000000e0000000, 0x00000000f6700000, 0x0000000100000000)
  eden space 266240K, 34% used [0x00000000e0000000,0x00000000e5aa7820,0x00000000f0400000)
  from space 29696K, 99% used [0x00000000f0500000,0x00000000f21fdfa0,0x00000000f2200000)
  to   space 50688K, 0% used [0x00000000f3580000,0x00000000f3580000,0x00000000f6700000)
 ParOldGen       total 135680K, used 106096K [0x00000000a0000000, 0x00000000a8480000, 0x00000000e0000000)
  object space 135680K, 78% used [0x00000000a0000000,0x00000000a679c380,0x00000000a8480000)
 Metaspace       used 86188K, capacity 89545K, committed 89880K, reserved 1128448K
  class space    used 11047K, capacity 11726K, committed 11824K, reserved 1048576K
GC Heap History (10 events):
Event: 68.203 GC heap before
{Heap before GC invocations=16 (full 3):
 PSYoungGen      total 237056K, used 237038K [0x00000000e0000000, 0x00000000f0680000, 0x0000000100000000)
  eden space 217600K, 100% used [0x00000000e0000000,0x00000000ed480000,0x00000000ed480000)
  from space 19456K, 99% used [0x00000000eec80000,0x00000000eff7bae8,0x00000000eff80000)
  to   space 24576K, 0% used [0x00000000ed480000,0x00000000ed480000,0x00000000eec80000)
 ParOldGen       total 135680K, used 40317K [0x00000000a0000000, 0x00000000a8480000, 0x00000000e0000000)
  object space 135680K, 29% used [0x00000000a0000000,0x00000000a275f528,0x00000000a8480000)
 Metaspace       used 78268K, capacity 81043K, committed 81432K, reserved 1120256K
  class space    used 10340K, capacity 10933K, committed 11056K, reserved 1048576K
Event: 68.257 GC heap after
Heap after GC invocations=16 (full 3):
 PSYoungGen      total 242176K, used 9621K [0x00000000e0000000, 0x00000000f2680000, 0x0000000100000000)
  eden space 217600K, 0% used [0x00000000e0000000,0x00000000e0000000,0x00000000ed480000)
  from space 24576K, 39% used [0x00000000ed480000,0x00000000edde57c0,0x00000000eec80000)
  to   space 23552K, 0% used [0x00000000f0f80000,0x00000000f0f80000,0x00000000f2680000)
 ParOldGen       total 135680K, used 48597K [0x00000000a0000000, 0x00000000a8480000, 0x00000000e0000000)
  object space 135680K, 35% used [0x00000000a0000000,0x00000000a2f75630,0x00000000a8480000)
 Metaspace       used 78268K, capacity 81043K, committed 81432K, reserved 1120256K
  class space    used 10340K, capacity 10933K, committed 11056K, reserved 1048576K
}
Event: 1156.948 GC heap before
{Heap before GC invocations=17 (full 3):
 PSYoungGen      total 242176K, used 227221K [0x00000000e0000000, 0x00000000f2680000, 0x0000000100000000)
  eden space 217600K, 100% used [0x00000000e0000000,0x00000000ed480000,0x00000000ed480000)
  from space 24576K, 39% used [0x00000000ed480000,0x00000000edde57c0,0x00000000eec80000)
  to   space 23552K, 0% used [0x00000000f0f80000,0x00000000f0f80000,0x00000000f2680000)
 ParOldGen       total 135680K, used 48597K [0x00000000a0000000, 0x00000000a8480000, 0x00000000e0000000)
  object space 135680K, 35% used [0x00000000a0000000,0x00000000a2f75630,0x00000000a8480000)
 Metaspace       used 84406K, capacity 87597K, committed 87704K, reserved 1126400K
  class space    used 11006K, capacity 11672K, committed 11696K, reserved 1048576K
Event: 1157.004 GC heap after
Heap after GC invocations=17 (full 3):
 PSYoungGen      total 264704K, used 14182K [0x00000000e0000000, 0x00000000f2000000, 0x0000000100000000)
  eden space 247808K, 0% used [0x00000000e0000000,0x00000000e0000000,0x00000000ef200000)
  from space 16896K, 83% used [0x00000000f0f80000,0x00000000f1d59930,0x00000000f2000000)
  to   space 23552K, 0% used [0x00000000ef200000,0x00000000ef200000,0x00000000f0900000)
 ParOldGen       total 135680K, used 48605K [0x00000000a0000000, 0x00000000a8480000, 0x00000000e0000000)
  object space 135680K, 35% used [0x00000000a0000000,0x00000000a2f77630,0x00000000a8480000)
 Metaspace       used 84406K, capacity 87597K, committed 87704K, reserved 1126400K
  class space    used 11006K, capacity 11672K, committed 11696K, reserved 1048576K
}
Event: 1172.607 GC heap before
{Heap before GC invocations=18 (full 3):
 PSYoungGen      total 264704K, used 261971K [0x00000000e0000000, 0x00000000f2000000, 0x0000000100000000)
  eden space 247808K, 99% used [0x00000000e0000000,0x00000000ef1fb588,0x00000000ef200000)
  from space 16896K, 83% used [0x00000000f0f80000,0x00000000f1d59930,0x00000000f2000000)
  to   space 23552K, 0% used [0x00000000ef200000,0x00000000ef200000,0x00000000f0900000)
 ParOldGen       total 135680K, used 48605K [0x00000000a0000000, 0x00000000a8480000, 0x00000000e0000000)
  object space 135680K, 35% used [0x00000000a0000000,0x00000000a2f77630,0x00000000a8480000)
 Metaspace       used 85434K, capacity 88671K, committed 88728K, reserved 1126400K
  class space    used 11024K, capacity 11689K, committed 11696K, reserved 1048576K
Event: 1172.655 GC heap after
Heap after GC invocations=18 (full 3):
 PSYoungGen      total 271360K, used 23529K [0x00000000e0000000, 0x00000000f4680000, 0x0000000100000000)
  eden space 247808K, 0% used [0x00000000e0000000,0x00000000e0000000,0x00000000ef200000)
  from space 23552K, 99% used [0x00000000ef200000,0x00000000f08fa458,0x00000000f0900000)
  to   space 28672K, 0% used [0x00000000f2a80000,0x00000000f2a80000,0x00000000f4680000)
 ParOldGen       total 135680K, used 54084K [0x00000000a0000000, 0x00000000a8480000, 0x00000000e0000000)
  object space 135680K, 39% used [0x00000000a0000000,0x00000000a34d1318,0x00000000a8480000)
 Metaspace       used 85434K, capacity 88671K, committed 88728K, reserved 1126400K
  class space    used 11024K, capacity 11689K, committed 11696K, reserved 1048576K
}
Event: 1348.576 GC heap before
{Heap before GC invocations=19 (full 3):
 PSYoungGen      total 271360K, used 271337K [0x00000000e0000000, 0x00000000f4680000, 0x0000000100000000)
  eden space 247808K, 100% used [0x00000000e0000000,0x00000000ef200000,0x00000000ef200000)
  from space 23552K, 99% used [0x00000000ef200000,0x00000000f08fa458,0x00000000f0900000)
  to   space 28672K, 0% used [0x00000000f2a80000,0x00000000f2a80000,0x00000000f4680000)
 ParOldGen       total 135680K, used 54084K [0x00000000a0000000, 0x00000000a8480000, 0x00000000e0000000)
  object space 135680K, 39% used [0x00000000a0000000,0x00000000a34d1318,0x00000000a8480000)
 Metaspace       used 85889K, capacity 89223K, committed 89368K, reserved 1126400K
  class space    used 11039K, capacity 11715K, committed 11824K, reserved 1048576K
Event: 1348.640 GC heap after
Heap after GC invocations=19 (full 3):
 PSYoungGen      total 260096K, used 20833K [0x00000000e0000000, 0x00000000f3f00000, 0x0000000100000000)
  eden space 239104K, 0% used [0x00000000e0000000,0x00000000e0000000,0x00000000ee980000)
  from space 20992K, 99% used [0x00000000f2a80000,0x00000000f3ed8740,0x00000000f3f00000)
  to   space 29696K, 0% used [0x00000000f0500000,0x00000000f0500000,0x00000000f2200000)
 ParOldGen       total 135680K, used 60666K [0x00000000a0000000, 0x00000000a8480000, 0x00000000e0000000)
  object space 135680K, 44% used [0x00000000a0000000,0x00000000a3b3ea18,0x00000000a8480000)
 Metaspace       used 85889K, capacity 89223K, committed 89368K, reserved 1126400K
  class space    used 11039K, capacity 11715K, committed 11824K, reserved 1048576K
}
Event: 1354.233 GC heap before
{Heap before GC invocations=20 (full 3):
 PSYoungGen      total 260096K, used 259937K [0x00000000e0000000, 0x00000000f3f00000, 0x0000000100000000)
  eden space 239104K, 100% used [0x00000000e0000000,0x00000000ee980000,0x00000000ee980000)
  from space 20992K, 99% used [0x00000000f2a80000,0x00000000f3ed8740,0x00000000f3f00000)
  to   space 29696K, 0% used [0x00000000f0500000,0x00000000f0500000,0x00000000f2200000)
 ParOldGen       total 135680K, used 60666K [0x00000000a0000000, 0x00000000a8480000, 0x00000000e0000000)
  object space 135680K, 44% used [0x00000000a0000000,0x00000000a3b3ea18,0x00000000a8480000)
 Metaspace       used 86039K, capacity 89439K, committed 89624K, reserved 1126400K
  class space    used 11042K, capacity 11719K, committed 11824K, reserved 1048576K
Event: 1354.436 GC heap after
Heap after GC invocations=20 (full 3):
 PSYoungGen      total 295936K, used 29687K [0x00000000e0000000, 0x00000000f6700000, 0x0000000100000000)
  eden space 266240K, 0% used [0x00000000e0000000,0x00000000e0000000,0x00000000f0400000)
  from space 29696K, 99% used [0x00000000f0500000,0x00000000f21fdfa0,0x00000000f2200000)
  to   space 50688K, 0% used [0x00000000f3580000,0x00000000f3580000,0x00000000f6700000)
 ParOldGen       total 135680K, used 106096K [0x00000000a0000000, 0x00000000a8480000, 0x00000000e0000000)
  object space 135680K, 78% used [0x00000000a0000000,0x00000000a679c380,0x00000000a8480000)
 Metaspace       used 86039K, capacity 89439K, committed 89624K, reserved 1126400K
  class space    used 11042K, capacity 11719K, committed 11824K, reserved 1048576K
}

